[INFO] 20:15:56:184 nombre/(4072:4072): caca
[INFO] 20:23:31:844 nombre/(4737:4737): Soy un Log
[INFO] 20:24:38:493 nombre/(4836:4836): Soy un Log
[INFO] 20:26:38:901 nombre/(5006:5006): Soy un Log
[INFO] 20:32:14:797 YANEL/(5213:5213): Soy un Log
[INFO] 20:47:15:709 YANEL/(6347:6347): Soy un Log
[INFO] 20:57:24:785 YANEL/(6727:6727): Soy un Log
[INFO] 20:59:10:315 YANEL/(6941:6941): Soy un Log
[INFO] 21:00:15:569 YANEL/(7109:7109): Soy un Log
[INFO] 21:03:54:248 YANEL/(7481:7481): Soy un Log
[INFO] 21:03:54:248 YANEL/(7481:7481): 127.0.0.1
[INFO] 21:20:57:475 YANEL/(8498:8498): Soy un Log
[INFO] 21:25:22:385 YANEL/(8770:8770): Soy un Log
[INFO] 21:33:40:433 YANEL/(9081:9081): Soy un Log
[INFO] 21:33:54:295 YANEL/(9081:9081): ip
[INFO] 21:34:07:043 YANEL/(9081:9081): ip
[INFO] 21:34:10:681 YANEL/(9081:9081): ip
[INFO] 21:34:11:905 YANEL/(9081:9081): ip
[INFO] 21:34:12:175 YANEL/(9081:9081): ip
[INFO] 21:34:12:439 YANEL/(9081:9081): ip
[INFO] 21:34:12:699 YANEL/(9081:9081): ip
[INFO] 21:34:12:995 YANEL/(9081:9081): ip
[INFO] 21:34:13:386 YANEL/(9081:9081): ip
[INFO] 21:34:13:570 YANEL/(9081:9081): ip
[INFO] 21:34:13:765 YANEL/(9081:9081): ip
[INFO] 21:34:13:934 YANEL/(9081:9081): ip
[INFO] 21:34:14:115 YANEL/(9081:9081): ip
[INFO] 21:34:14:309 YANEL/(9081:9081): ip
[INFO] 21:34:14:473 YANEL/(9081:9081): ip
[INFO] 21:34:14:640 YANEL/(9081:9081): ip
[INFO] 21:35:13:098 YANEL/(9336:9336): Soy un Log
[INFO] 21:35:21:483 YANEL/(9336:9336): ip
[INFO] 21:36:06:115 YANEL/(9529:9529): Soy un Log
[INFO] 21:36:55:572 YANEL/(9726:9726): Soy un Log
[INFO] 21:37:19:361 YANEL/(9726:9726): hola
[INFO] 21:37:22:128 YANEL/(9726:9726): hola
[INFO] 21:37:25:428 YANEL/(9726:9726): hola
[INFO] 21:37:28:476 YANEL/(9726:9726): hola
[INFO] 21:37:29:317 YANEL/(9726:9726): hola
[INFO] 21:37:29:614 YANEL/(9726:9726): hola
[INFO] 21:37:29:827 YANEL/(9726:9726): hola
[INFO] 21:37:30:028 YANEL/(9726:9726): hola
[INFO] 21:37:30:213 YANEL/(9726:9726): hola
[INFO] 21:37:30:447 YANEL/(9726:9726): hola
[INFO] 21:37:30:629 YANEL/(9726:9726): hola
[INFO] 21:37:32:136 YANEL/(9726:9726): hola
[INFO] 21:37:32:378 YANEL/(9726:9726): hola
[INFO] 21:37:33:835 YANEL/(9726:9726): hola
[INFO] 21:37:34:057 YANEL/(9726:9726): hola
[INFO] 21:37:34:391 YANEL/(9726:9726): hola
[INFO] 21:37:34:597 YANEL/(9726:9726): hola
[INFO] 21:37:34:813 YANEL/(9726:9726): hola
[INFO] 21:37:35:038 YANEL/(9726:9726): hola
[INFO] 21:37:35:232 YANEL/(9726:9726): hola
[INFO] 21:37:35:431 YANEL/(9726:9726): hola
[INFO] 21:37:35:631 YANEL/(9726:9726): hola
[INFO] 21:37:35:824 YANEL/(9726:9726): hola
[INFO] 21:37:36:016 YANEL/(9726:9726): hola
[INFO] 21:37:36:206 YANEL/(9726:9726): hola
[INFO] 21:37:36:420 YANEL/(9726:9726): hola
[INFO] 21:37:36:605 YANEL/(9726:9726): hola
[INFO] 21:37:36:782 YANEL/(9726:9726): hola
[INFO] 21:37:36:975 YANEL/(9726:9726): hola
[INFO] 21:37:37:167 YANEL/(9726:9726): hola
[INFO] 21:37:37:364 YANEL/(9726:9726): hola
[INFO] 21:37:37:549 YANEL/(9726:9726): hola
[INFO] 21:37:37:732 YANEL/(9726:9726): hola
[INFO] 21:37:37:936 YANEL/(9726:9726): hola
[INFO] 21:37:38:130 YANEL/(9726:9726): hola
[INFO] 21:37:38:332 YANEL/(9726:9726): hola
[INFO] 21:37:38:529 YANEL/(9726:9726): hola
[INFO] 21:37:38:719 YANEL/(9726:9726): hola
[INFO] 21:37:38:928 YANEL/(9726:9726): hola
[INFO] 21:37:39:131 YANEL/(9726:9726): hola
[INFO] 21:37:39:367 YANEL/(9726:9726): hola
[INFO] 21:37:39:538 YANEL/(9726:9726): hola
[INFO] 21:37:39:757 YANEL/(9726:9726): hola
[INFO] 21:37:39:911 YANEL/(9726:9726): hola
[INFO] 21:37:40:111 YANEL/(9726:9726): hola
[INFO] 21:37:40:308 YANEL/(9726:9726): hola
[INFO] 21:37:40:515 YANEL/(9726:9726): hola
[INFO] 21:37:40:710 YANEL/(9726:9726): hola
[INFO] 21:37:40:905 YANEL/(9726:9726): hola
[INFO] 21:37:41:103 YANEL/(9726:9726): hola
[INFO] 21:37:41:285 YANEL/(9726:9726): hola
[INFO] 21:37:41:501 YANEL/(9726:9726): hola
[INFO] 21:38:24:349 YANEL/(10035:10035): Soy un Log
[INFO] 21:38:41:195 YANEL/(10035:10035): hola
[INFO] 21:38:42:575 YANEL/(10035:10035): hola
[INFO] 21:38:43:359 YANEL/(10035:10035): hola
[INFO] 21:38:43:786 YANEL/(10035:10035): hola
[INFO] 21:38:44:043 YANEL/(10035:10035): hola
[INFO] 21:38:44:282 YANEL/(10035:10035): hola
[INFO] 21:38:44:479 YANEL/(10035:10035): hola
[INFO] 21:38:44:679 YANEL/(10035:10035): hola
[INFO] 21:38:45:180 YANEL/(10035:10035): hola
[INFO] 21:38:45:249 YANEL/(10035:10035): hola
[INFO] 21:38:45:336 YANEL/(10035:10035): hola
[INFO] 21:38:45:336 YANEL/(10035:10035): hola
[INFO] 21:38:45:400 YANEL/(10035:10035): hola
[INFO] 21:38:45:451 YANEL/(10035:10035): hola
[INFO] 21:38:45:502 YANEL/(10035:10035): hola
[INFO] 21:38:45:652 YANEL/(10035:10035): hola
[INFO] 21:38:45:663 YANEL/(10035:10035): hola
[INFO] 21:38:45:672 YANEL/(10035:10035): hola
[INFO] 21:38:45:828 YANEL/(10035:10035): hola
[INFO] 21:38:45:834 YANEL/(10035:10035): hola
[INFO] 21:38:45:841 YANEL/(10035:10035): hola
[INFO] 21:38:45:844 YANEL/(10035:10035): hola
[INFO] 21:38:45:909 YANEL/(10035:10035): hola
[INFO] 21:38:45:951 YANEL/(10035:10035): hola
[INFO] 21:38:46:003 YANEL/(10035:10035): hola
[INFO] 21:38:46:060 YANEL/(10035:10035): hola
[INFO] 21:38:46:137 YANEL/(10035:10035): hola
[INFO] 21:38:46:202 YANEL/(10035:10035): hola
[INFO] 21:38:46:202 YANEL/(10035:10035): hola
[INFO] 21:38:46:272 YANEL/(10035:10035): hola
[INFO] 21:38:46:339 YANEL/(10035:10035): hola
[INFO] 21:38:46:386 YANEL/(10035:10035): hola
[INFO] 21:38:46:447 YANEL/(10035:10035): hola
[INFO] 21:38:46:505 YANEL/(10035:10035): hola
[INFO] 21:38:46:515 YANEL/(10035:10035): hola
[INFO] 21:38:46:573 YANEL/(10035:10035): hola
[INFO] 21:38:46:625 YANEL/(10035:10035): hola
[INFO] 21:38:46:684 YANEL/(10035:10035): hola
[INFO] 21:38:46:712 YANEL/(10035:10035): hola
[INFO] 21:38:46:902 YANEL/(10035:10035): hola
[INFO] 21:38:46:904 YANEL/(10035:10035): hola
[INFO] 21:38:46:907 YANEL/(10035:10035): hola
[INFO] 21:38:46:972 YANEL/(10035:10035): hola
[INFO] 21:38:46:972 YANEL/(10035:10035): hola
[INFO] 21:38:47:030 YANEL/(10035:10035): hola
[INFO] 21:38:47:099 YANEL/(10035:10035): hola
[INFO] 21:38:47:151 YANEL/(10035:10035): hola
[INFO] 21:38:47:214 YANEL/(10035:10035): hola
[INFO] 21:38:47:296 YANEL/(10035:10035): hola
[INFO] 21:38:47:296 YANEL/(10035:10035): hola
[INFO] 21:38:47:380 YANEL/(10035:10035): hola
[INFO] 21:38:47:404 YANEL/(10035:10035): hola
[INFO] 21:38:47:468 YANEL/(10035:10035): hola
[INFO] 21:38:47:484 YANEL/(10035:10035): hola
[INFO] 21:38:47:549 YANEL/(10035:10035): hola
[INFO] 21:38:47:634 YANEL/(10035:10035): hola
[INFO] 21:38:47:644 YANEL/(10035:10035): hola
[INFO] 21:38:47:707 YANEL/(10035:10035): hola
[INFO] 21:38:47:772 YANEL/(10035:10035): hola
[INFO] 21:38:47:818 YANEL/(10035:10035): hola
[INFO] 21:38:47:881 YANEL/(10035:10035): hola
[INFO] 21:38:47:899 YANEL/(10035:10035): hola
[INFO] 21:38:47:968 YANEL/(10035:10035): hola
[INFO] 21:38:48:007 YANEL/(10035:10035): hola
[INFO] 21:38:48:232 YANEL/(10035:10035): hola
[INFO] 21:38:48:232 YANEL/(10035:10035): hola
[INFO] 21:38:48:233 YANEL/(10035:10035): hola
[INFO] 21:38:48:236 YANEL/(10035:10035): hola
[INFO] 21:38:48:251 YANEL/(10035:10035): hola
[INFO] 21:38:48:320 YANEL/(10035:10035): hola
[INFO] 21:38:48:386 YANEL/(10035:10035): hola
[INFO] 21:38:48:453 YANEL/(10035:10035): hola
[INFO] 21:38:48:462 YANEL/(10035:10035): hola
[INFO] 21:38:48:535 YANEL/(10035:10035): hola
[INFO] 21:38:50:072 YANEL/(10035:10035): hola
[INFO] 21:38:50:574 YANEL/(10035:10035): hola
[INFO] 21:38:50:648 YANEL/(10035:10035): hola
[INFO] 21:38:50:704 YANEL/(10035:10035): hola
[INFO] 21:38:50:766 YANEL/(10035:10035): hola
[INFO] 21:38:50:836 YANEL/(10035:10035): hola
[INFO] 21:38:50:836 YANEL/(10035:10035): hola
[INFO] 21:38:50:886 YANEL/(10035:10035): hola
[INFO] 21:38:50:939 YANEL/(10035:10035): hola
[INFO] 21:38:51:003 YANEL/(10035:10035): hola
[INFO] 21:38:51:060 YANEL/(10035:10035): hola
[INFO] 21:38:51:120 YANEL/(10035:10035): hola
[INFO] 21:38:51:181 YANEL/(10035:10035): hola
[INFO] 21:38:51:237 YANEL/(10035:10035): hola
[INFO] 21:38:51:313 YANEL/(10035:10035): hola
[INFO] 21:38:51:313 YANEL/(10035:10035): hola
[INFO] 21:38:51:374 YANEL/(10035:10035): hola
[INFO] 21:38:51:553 YANEL/(10035:10035): hola
[INFO] 21:38:51:578 YANEL/(10035:10035): hola
[INFO] 21:38:51:777 YANEL/(10035:10035): hola
[INFO] 21:38:52:443 YANEL/(10035:10035): hola
[INFO] 21:38:53:052 YANEL/(10035:10035): hola
[INFO] 21:38:53:544 YANEL/(10035:10035): hola
[INFO] 21:38:53:936 YANEL/(10035:10035): hola
[INFO] 21:38:54:186 YANEL/(10035:10035): hola
[INFO] 21:38:54:394 YANEL/(10035:10035): hola
[INFO] 21:38:54:597 YANEL/(10035:10035): hola
[INFO] 21:38:54:795 YANEL/(10035:10035): hola
[INFO] 21:38:55:077 YANEL/(10035:10035): hola
[INFO] 21:38:55:177 YANEL/(10035:10035): hola
[INFO] 21:38:55:348 YANEL/(10035:10035): hola
[INFO] 21:38:55:532 YANEL/(10035:10035): hola
[INFO] 21:38:55:707 YANEL/(10035:10035): hola
[INFO] 21:38:55:882 YANEL/(10035:10035): hola
[INFO] 21:39:21:774 YANEL/(10250:10250): Soy un Log
[INFO] 21:39:32:010 YANEL/(10250:10250): hola
[INFO] 22:12:06:150 YANEL/(11071:11071): Soy un Log
[INFO] 23:34:19:846 YANEL/(38533:38533): Soy un Log
[INFO] 23:35:38:740 YANEL/(38805:38805): Soy un Log
[INFO] 23:42:05:152 YANEL/(3050:3050): Soy un Log
[INFO] 23:43:15:568 YANEL/(3430:3430): Soy un Log
[INFO] 20:43:07:012 YANEL/(3694:3694): Soy un Log
[INFO] 20:43:31:063 YANEL/(3694:3694): HOLA
[INFO] 21:44:52:387 YANEL/(6919:6919): Soy un Log
[INFO] 21:46:38:556 YANEL/(7366:7366): Soy un Log
[INFO] 21:47:48:651 YANEL/(7679:7679): Soy un Log
[INFO] 21:52:41:210 YANEL/(8052:8052): Soy un Log
[INFO] 21:53:57:629 YANEL/(8457:8457): Soy un Log
[INFO] 21:54:31:396 YANEL/(8774:8774): Soy un Log
[INFO] 21:54:35:814 YANEL/(8774:8774): hola
[INFO] 21:55:26:404 YANEL/(9240:9240): Soy un Log
[INFO] 03:55:40:362 YANEL/(14480:14480): Soy un Log
[INFO] 03:55:49:132 YANEL/(14480:14480): hola
[INFO] 03:55:52:610 YANEL/(14480:14480): hola
[INFO] 03:55:54:418 YANEL/(14480:14480): jsdhaslkjhd
[INFO] 03:55:55:039 YANEL/(14480:14480): as
[INFO] 03:55:55:271 YANEL/(14480:14480): s
[INFO] 03:55:55:535 YANEL/(14480:14480): s
[INFO] 03:56:09:515 YANEL/(14480:14480): ss
[INFO] 04:01:17:907 YANEL/(15050:15050): Soy un Log
[INFO] 04:03:40:308 YANEL/(15420:15420): Soy un Log
[INFO] 04:03:43:990 YANEL/(15420:15420): hola
[INFO] 04:04:13:879 YANEL/(15755:15755): Soy un Log
[INFO] 04:04:17:554 YANEL/(15755:15755): hola!
[INFO] 04:04:21:238 YANEL/(15755:15755): Hola
[INFO] 04:04:23:778 YANEL/(15755:15755): jajas
[INFO] 04:05:02:951 YANEL/(16149:16149): Soy un Log
[INFO] 04:08:47:203 YANEL/(16537:16537): Soy un Log
[INFO] 04:08:51:179 YANEL/(16537:16537): hola
[INFO] 04:08:53:406 YANEL/(16537:16537): hola
[INFO] 04:08:55:356 YANEL/(16537:16537): jaja
[INFO] 04:08:56:458 YANEL/(16537:16537): 
[INFO] 04:08:57:387 YANEL/(16537:16537): jaja
[INFO] 04:09:05:640 YANEL/(16537:16537): hola!!!
[INFO] 04:09:06:065 YANEL/(16537:16537): 
[INFO] 04:09:06:494 YANEL/(16537:16537): 
[INFO] 04:09:06:890 YANEL/(16537:16537): 
[INFO] 04:10:23:168 YANEL/(16935:16935): Soy un Log
[INFO] 04:10:37:713 YANEL/(16935:16935): holaholholads{kdlaskdhola
[INFO] 04:10:40:051 YANEL/(16935:16935): ajdhsajhd
[INFO] 04:10:45:502 YANEL/(16935:16935): 
[INFO] 04:10:46:595 YANEL/(16935:16935): 
[INFO] 04:10:47:006 YANEL/(16935:16935): 
[INFO] 04:10:47:229 YANEL/(16935:16935): 
[INFO] 04:11:00:806 YANEL/(17250:17250): Soy un Log
[INFO] 04:11:03:627 YANEL/(17250:17250): hola
[INFO] 04:11:05:249 YANEL/(17250:17250): 
[INFO] 04:11:05:683 YANEL/(17250:17250): 
[INFO] 04:11:07:091 YANEL/(17250:17250): 
[INFO] 04:12:01:087 YANEL/(17611:17611): Soy un Log
[INFO] 04:12:03:163 YANEL/(17611:17611): hola
[INFO] 04:12:04:457 YANEL/(17611:17611): 
[INFO] 04:12:05:888 YANEL/(17611:17611): asljdalsj
[INFO] 04:12:06:685 YANEL/(17611:17611): 
[INFO] 04:12:07:185 YANEL/(17611:17611): 
[INFO] 04:12:07:399 YANEL/(17611:17611): 
[INFO] 04:12:07:564 YANEL/(17611:17611): 
[INFO] 04:12:35:239 YANEL/(17923:17923): Soy un Log
[INFO] 04:12:38:530 YANEL/(17923:17923): hola
[INFO] 04:13:24:306 YANEL/(18208:18208): Soy un Log
[INFO] 04:14:14:184 YANEL/(18540:18540): Soy un Log
[INFO] 04:14:19:228 YANEL/(18540:18540): hola!
[INFO] 04:14:21:220 YANEL/(18540:18540): hola
[INFO] 04:14:22:306 YANEL/(18540:18540): !
[INFO] 04:16:35:000 YANEL/(18891:18891): Soy un Log
[INFO] 04:16:37:674 YANEL/(18891:18891): hola
[INFO] 04:16:40:039 YANEL/(18891:18891): que tal
[INFO] 06:08:42:063 YANEL/(20655:20655): Soy un Log
